  [1m[36m (1.3ms)[0m  [1mCREATE TABLE "schema_migrations" ("version" varchar(255) NOT NULL) [0m
  [1m[35m (0.1ms)[0m  select sqlite_version(*)
  [1m[36m (1.0ms)[0m  [1mCREATE UNIQUE INDEX "unique_schema_migrations" ON "schema_migrations" ("version")[0m
  [1m[35mActiveRecord::SchemaMigration Load (0.1ms)[0m  SELECT "schema_migrations".* FROM "schema_migrations"
Migrating to CreateTasks (20141222230158)
  [1m[36m (0.0ms)[0m  [1mbegin transaction[0m
  [1m[35m (15.3ms)[0m  CREATE TABLE "tasks" ("id" INTEGER PRIMARY KEY AUTOINCREMENT NOT NULL, "name" varchar(255), "created_at" datetime, "updated_at" datetime) 
  [1m[36mSQL (0.2ms)[0m  [1mINSERT INTO "schema_migrations" ("version") VALUES (?)[0m  [["version", "20141222230158"]]
  [1m[35m (1.1ms)[0m  commit transaction
  [1m[36mActiveRecord::SchemaMigration Load (0.1ms)[0m  [1mSELECT "schema_migrations".* FROM "schema_migrations"[0m


Started GET "/" for 127.0.0.1 at 2014-12-22 18:04:32 -0500
  [1m[36mActiveRecord::SchemaMigration Load (0.1ms)[0m  [1mSELECT "schema_migrations".* FROM "schema_migrations"[0m
Processing by TasksController#new as HTML
  Rendered tasks/new.html.erb within layouts/application (3.7ms)
Completed 500 Internal Server Error in 44ms

ActionView::Template::Error (First argument in form cannot contain nil or be empty):
    1: Enter Tasks - <br><br>
    2: <%= form_for @task do |f| %>
    3:     Name: <%= f.text_field :name %>
    4:     <%= f.submit "Add Task" %>
    5: <% end %>
  app/views/tasks/new.html.erb:2:in `_app_views_tasks_new_html_erb__4455812492912596570_70364585080380'


  Rendered /Users/adityanarayan/.rvm/gems/ruby-2.1.3/gems/actionpack-4.1.8/lib/action_dispatch/middleware/templates/rescues/_trace.html.erb (1.3ms)
  Rendered /Users/adityanarayan/.rvm/gems/ruby-2.1.3/gems/actionpack-4.1.8/lib/action_dispatch/middleware/templates/rescues/_request_and_response.html.erb (1.0ms)
  Rendered /Users/adityanarayan/.rvm/gems/ruby-2.1.3/gems/actionpack-4.1.8/lib/action_dispatch/middleware/templates/rescues/template_error.html.erb within rescues/layout (13.7ms)


Started GET "/" for 127.0.0.1 at 2014-12-22 18:06:26 -0500
  [1m[36mActiveRecord::SchemaMigration Load (0.1ms)[0m  [1mSELECT "schema_migrations".* FROM "schema_migrations"[0m
Processing by TasksController#new as HTML
  Rendered tasks/new.html.erb within layouts/application (2.9ms)
Completed 500 Internal Server Error in 16ms

ActionView::Template::Error (First argument in form cannot contain nil or be empty):
    1: Enter Tasks - <br><br>
    2: <%= form_for @task do |f| %>
    3:     Name:<%= f.text_field :name %>
    4:     <%= f.submit "Add Task" %>
    5: <% end %>
  app/views/tasks/new.html.erb:2:in `_app_views_tasks_new_html_erb__3150037665505275930_70110095047360'


  Rendered /Users/adityanarayan/.rvm/gems/ruby-2.1.3/gems/actionpack-4.1.8/lib/action_dispatch/middleware/templates/rescues/_trace.html.erb (1.2ms)
  Rendered /Users/adityanarayan/.rvm/gems/ruby-2.1.3/gems/actionpack-4.1.8/lib/action_dispatch/middleware/templates/rescues/_request_and_response.html.erb (0.9ms)
  Rendered /Users/adityanarayan/.rvm/gems/ruby-2.1.3/gems/actionpack-4.1.8/lib/action_dispatch/middleware/templates/rescues/template_error.html.erb within rescues/layout (10.7ms)


Started GET "/" for 127.0.0.1 at 2014-12-22 18:06:36 -0500
Processing by TasksController#new as HTML
  Rendered tasks/new.html.erb within layouts/application (1.0ms)
Completed 500 Internal Server Error in 3ms

ActionView::Template::Error (First argument in form cannot contain nil or be empty):
    1: Enter Tasks - <br><br>
    2: <%= form_for @task do |f| %>
    3:     <%= f.text_field :name %>
    4:     <%= f.submit "Add Task" %>
    5: <% end %>
  app/views/tasks/new.html.erb:2:in `_app_views_tasks_new_html_erb__3150037665505275930_70110094085180'


  Rendered /Users/adityanarayan/.rvm/gems/ruby-2.1.3/gems/actionpack-4.1.8/lib/action_dispatch/middleware/templates/rescues/_trace.html.erb (1.2ms)
  Rendered /Users/adityanarayan/.rvm/gems/ruby-2.1.3/gems/actionpack-4.1.8/lib/action_dispatch/middleware/templates/rescues/_request_and_response.html.erb (0.9ms)
  Rendered /Users/adityanarayan/.rvm/gems/ruby-2.1.3/gems/actionpack-4.1.8/lib/action_dispatch/middleware/templates/rescues/template_error.html.erb within rescues/layout (10.9ms)
  [1m[36mActiveRecord::SchemaMigration Load (0.1ms)[0m  [1mSELECT "schema_migrations".* FROM "schema_migrations"[0m
  [1m[35mActiveRecord::SchemaMigration Load (0.1ms)[0m  SELECT "schema_migrations".* FROM "schema_migrations"
  [1m[36mActiveRecord::SchemaMigration Load (0.1ms)[0m  [1mSELECT "schema_migrations".* FROM "schema_migrations"[0m
  [1m[35mActiveRecord::SchemaMigration Load (0.1ms)[0m  SELECT "schema_migrations".* FROM "schema_migrations"


Started GET "/" for 127.0.0.1 at 2014-12-22 18:06:57 -0500
Processing by TasksController#new as HTML
  Rendered tasks/new.html.erb within layouts/application (0.6ms)
Completed 500 Internal Server Error in 3ms

ActionView::Template::Error (First argument in form cannot contain nil or be empty):
    1: Enter Tasks - <br><br>
    2: <%= form_for @task do |f| %>
    3:     <%= f.text_field :name %>
    4:     <%= f.submit "Add Task" %>
    5: <% end %>
  app/views/tasks/new.html.erb:2:in `_app_views_tasks_new_html_erb__3150037665505275930_70110094085180'


  Rendered /Users/adityanarayan/.rvm/gems/ruby-2.1.3/gems/actionpack-4.1.8/lib/action_dispatch/middleware/templates/rescues/_trace.html.erb (1.1ms)
  Rendered /Users/adityanarayan/.rvm/gems/ruby-2.1.3/gems/actionpack-4.1.8/lib/action_dispatch/middleware/templates/rescues/_request_and_response.html.erb (0.9ms)
  Rendered /Users/adityanarayan/.rvm/gems/ruby-2.1.3/gems/actionpack-4.1.8/lib/action_dispatch/middleware/templates/rescues/template_error.html.erb within rescues/layout (10.5ms)


Started GET "/" for 127.0.0.1 at 2014-12-22 18:11:55 -0500

SyntaxError (/Users/adityanarayan/Desktop/RubymineProjects/taskList/app/controllers/tasks_controller.rb:13: syntax error, unexpected ']', expecting keyword_end):
  app/controllers/tasks_controller.rb:13: syntax error, unexpected ']', expecting keyword_end


  Rendered /Users/adityanarayan/.rvm/gems/ruby-2.1.3/gems/actionpack-4.1.8/lib/action_dispatch/middleware/templates/rescues/_source.erb (0.6ms)
  Rendered /Users/adityanarayan/.rvm/gems/ruby-2.1.3/gems/actionpack-4.1.8/lib/action_dispatch/middleware/templates/rescues/_trace.html.erb (1.2ms)
  Rendered /Users/adityanarayan/.rvm/gems/ruby-2.1.3/gems/actionpack-4.1.8/lib/action_dispatch/middleware/templates/rescues/_request_and_response.html.erb (1.4ms)
  Rendered /Users/adityanarayan/.rvm/gems/ruby-2.1.3/gems/actionpack-4.1.8/lib/action_dispatch/middleware/templates/rescues/diagnostics.erb within rescues/layout (16.9ms)


Started GET "/" for 127.0.0.1 at 2014-12-22 18:12:05 -0500

SyntaxError (/Users/adityanarayan/Desktop/RubymineProjects/taskList/app/controllers/tasks_controller.rb:12: syntax error, unexpected end-of-input, expecting keyword_end):
  app/controllers/tasks_controller.rb:12: syntax error, unexpected end-of-input, expecting keyword_end


  Rendered /Users/adityanarayan/.rvm/gems/ruby-2.1.3/gems/actionpack-4.1.8/lib/action_dispatch/middleware/templates/rescues/_source.erb (0.5ms)
  Rendered /Users/adityanarayan/.rvm/gems/ruby-2.1.3/gems/actionpack-4.1.8/lib/action_dispatch/middleware/templates/rescues/_trace.html.erb (1.0ms)
  Rendered /Users/adityanarayan/.rvm/gems/ruby-2.1.3/gems/actionpack-4.1.8/lib/action_dispatch/middleware/templates/rescues/_request_and_response.html.erb (1.1ms)
  Rendered /Users/adityanarayan/.rvm/gems/ruby-2.1.3/gems/actionpack-4.1.8/lib/action_dispatch/middleware/templates/rescues/diagnostics.erb within rescues/layout (13.6ms)


Started GET "/" for 127.0.0.1 at 2014-12-22 18:12:15 -0500
Processing by TasksController#new as HTML
  [1m[35mTask Load (0.2ms)[0m  SELECT "tasks".* FROM "tasks"
  Rendered tasks/new.html.erb within layouts/application (47.6ms)
Completed 200 OK in 1308ms (Views: 1304.5ms | ActiveRecord: 0.7ms)


Started GET "/assets/tasks.css?body=1" for 127.0.0.1 at 2014-12-22 18:12:17 -0500


Started GET "/assets/turbolinks.js?body=1" for 127.0.0.1 at 2014-12-22 18:12:17 -0500


Started GET "/assets/application.css?body=1" for 127.0.0.1 at 2014-12-22 18:12:17 -0500


Started GET "/assets/application.js?body=1" for 127.0.0.1 at 2014-12-22 18:12:17 -0500


Started GET "/assets/jquery.js?body=1" for 127.0.0.1 at 2014-12-22 18:12:17 -0500


Started GET "/assets/jquery_ujs.js?body=1" for 127.0.0.1 at 2014-12-22 18:12:17 -0500


Started GET "/assets/tasks.js?body=1" for 127.0.0.1 at 2014-12-22 18:12:17 -0500


Started POST "/tasks" for 127.0.0.1 at 2014-12-22 18:12:20 -0500
Processing by TasksController#create as HTML
  Parameters: {"utf8"=>"✓", "authenticity_token"=>"7HsCElsxwK5iiP4DlYdQ8ShgBtmz2i9RGIoJ1amMDEQ=", "task"=>{"name"=>"dafad"}, "commit"=>"Add Task"}
  [1m[36m (0.1ms)[0m  [1mbegin transaction[0m
  [1m[35mSQL (0.4ms)[0m  INSERT INTO "tasks" ("created_at", "name", "updated_at") VALUES (?, ?, ?)  [["created_at", "2014-12-22 23:12:20.495092"], ["name", "dafad"], ["updated_at", "2014-12-22 23:12:20.495092"]]
  [1m[36m (1.0ms)[0m  [1mcommit transaction[0m
Redirected to http://localhost:3000/tasks/new
Completed 302 Found in 28ms (ActiveRecord: 1.5ms)


Started GET "/tasks/new" for 127.0.0.1 at 2014-12-22 18:12:20 -0500
Processing by TasksController#new as HTML
  [1m[35mTask Load (0.2ms)[0m  SELECT "tasks".* FROM "tasks"
  Rendered tasks/new.html.erb within layouts/application (1.5ms)
Completed 200 OK in 39ms (Views: 37.4ms | ActiveRecord: 0.1ms)


Started POST "/tasks" for 127.0.0.1 at 2014-12-22 18:12:23 -0500
Processing by TasksController#create as HTML
  Parameters: {"utf8"=>"✓", "authenticity_token"=>"7HsCElsxwK5iiP4DlYdQ8ShgBtmz2i9RGIoJ1amMDEQ=", "task"=>{"name"=>"adfa"}, "commit"=>"Add Task"}
  [1m[36m (0.1ms)[0m  [1mbegin transaction[0m
  [1m[35mSQL (0.2ms)[0m  INSERT INTO "tasks" ("created_at", "name", "updated_at") VALUES (?, ?, ?)  [["created_at", "2014-12-22 23:12:23.530475"], ["name", "adfa"], ["updated_at", "2014-12-22 23:12:23.530475"]]
  [1m[36m (1.0ms)[0m  [1mcommit transaction[0m
Redirected to http://localhost:3000/tasks/new
Completed 302 Found in 3ms (ActiveRecord: 1.3ms)


Started GET "/tasks/new" for 127.0.0.1 at 2014-12-22 18:12:23 -0500
Processing by TasksController#new as HTML
  [1m[35mTask Load (0.2ms)[0m  SELECT "tasks".* FROM "tasks"
  Rendered tasks/new.html.erb within layouts/application (2.0ms)
Completed 200 OK in 39ms (Views: 37.9ms | ActiveRecord: 0.2ms)
